<?xml version="1.0" encoding="UTF-8"?>
<testng-results ignored="0" total="1" passed="1" failed="0" skipped="0">
  <reporter-output>
  </reporter-output>
  <suite started-at="2024-06-23T19:24:15 EDT" name="SinglelSuite" finished-at="2024-06-23T19:24:36 EDT" duration-ms="20760">
    <groups>
    </groups>
    <test started-at="2024-06-23T19:24:15 EDT" name="Test" finished-at="2024-06-23T19:24:36 EDT" duration-ms="20760">
      <class name="org.orangeHRM.testCases.TCLoginLogout">
        <test-method is-config="true" signature="startUp()[pri:0, instance:org.orangeHRM.testCases.TCLoginLogout@19e4653c]" started-at="2024-06-23T19:24:15 EDT" name="startUp" finished-at="2024-06-23T19:24:23 EDT" duration-ms="7637" status="PASS">
          <reporter-output>
          </reporter-output>
        </test-method> <!-- startUp -->
        <test-method signature="login_logout()[pri:0, instance:org.orangeHRM.testCases.TCLoginLogout@19e4653c]" started-at="2024-06-23T19:24:23 EDT" name="login_logout" finished-at="2024-06-23T19:24:35 EDT" duration-ms="12229" status="PASS">
          <reporter-output>
          </reporter-output>
        </test-method> <!-- login_logout -->
        <test-method is-config="true" signature="tearDown()[pri:0, instance:org.orangeHRM.testCases.TCLoginLogout@19e4653c]" started-at="2024-06-23T19:24:35 EDT" name="tearDown" finished-at="2024-06-23T19:24:36 EDT" duration-ms="854" status="PASS">
          <reporter-output>
          </reporter-output>
        </test-method> <!-- tearDown -->
      </class> <!-- org.orangeHRM.testCases.TCLoginLogout -->
    </test> <!-- Test -->
  </suite> <!-- SinglelSuite -->
</testng-results>
